<?xml version="1.0" encoding="UTF-8"?>
<coverage generated="1756197807983" clover="3.2.0">
  <project timestamp="1756197807983" name="All files">
    <metrics statements="7" coveredstatements="7" conditionals="2" coveredconditionals="0" methods="2" coveredmethods="2" elements="11" coveredelements="9" complexity="0" loc="7" ncloc="7" packages="1" files="1" classes="1"/>
    <file name="mehrwertsteuer.js" path="C:\Users\zidis\aufgabe_25_08\mehrwertsteuer.js">
      <metrics statements="7" coveredstatements="7" conditionals="2" coveredconditionals="0" methods="2" coveredmethods="2"/>
      <line num="3" count="7" type="stmt"/>
      <line num="5" count="7" type="stmt"/>
      <line num="10" count="2" type="stmt"/>
      <line num="11" count="2" type="stmt"/>
      <line num="13" count="1" type="stmt"/>
      <line num="14" count="1" type="stmt"/>
      <line num="15" count="1" type="stmt"/>
    </file>
  </project>
</coverage>
